[debug] [2024-09-07T19:32:35.908Z] ----------------------------------------------------------------------
[debug] [2024-09-07T19:32:35.910Z] Command:       C:\Program Files\nodejs\node.exe C:\Users\david\AppData\Roaming\npm\node_modules\firebase-tools\lib\bin\firebase.js init
[debug] [2024-09-07T19:32:35.911Z] CLI Version:   13.16.0
[debug] [2024-09-07T19:32:35.911Z] Platform:      win32
[debug] [2024-09-07T19:32:35.911Z] Node Version:  v20.10.0
[debug] [2024-09-07T19:32:35.911Z] Time:          Sat Sep 07 2024 13:32:35 GMT-0600 (hora estándar central)
[debug] [2024-09-07T19:32:35.911Z] ----------------------------------------------------------------------
[debug] 
[debug] [2024-09-07T19:32:35.918Z] > command requires scopes: ["email","openid","https://www.googleapis.com/auth/cloudplatformprojects.readonly","https://www.googleapis.com/auth/firebase","https://www.googleapis.com/auth/cloud-platform"]
[debug] [2024-09-07T19:32:35.919Z] > authorizing via signed-in user (davidcientifico14@gmail.com)
[info] 
     ######## #### ########  ######## ########     ###     ######  ########
     ##        ##  ##     ## ##       ##     ##  ##   ##  ##       ##
     ######    ##  ########  ######   ########  #########  ######  ######
     ##        ##  ##    ##  ##       ##     ## ##     ##       ## ##
     ##       #### ##     ## ######## ########  ##     ##  ######  ########

You're about to initialize a Firebase project in this directory:

  C:\Users\david\OneDrive\Documentos\ondrive\OneDrive\Escritorio\firebase

[info] 
=== Project Setup
[info] 
[info] First, let's associate this project directory with a Firebase project.
[info] You can create multiple project aliases by running firebase use --add, 
[info] but for now we'll just set up a default project.
[info] 
[debug] [2024-09-07T19:32:55.422Z] >>> [apiv2][query] GET https://firebase.googleapis.com/v1beta1/projects pageSize=100
[debug] [2024-09-07T19:32:55.946Z] <<< [apiv2][status] GET https://firebase.googleapis.com/v1beta1/projects 200
[debug] [2024-09-07T19:32:55.947Z] <<< [apiv2][body] GET https://firebase.googleapis.com/v1beta1/projects [omitted]
[info] i  Using project prueba-6cfd1 (prueba) 
[info] 
=== Database Setup
[info] i  database: ensuring required API firebasedatabase.googleapis.com is enabled... 
[debug] [2024-09-07T19:32:58.291Z] >>> [apiv2][query] GET https://serviceusage.googleapis.com/v1/projects/prueba-6cfd1/services/firebasedatabase.googleapis.com [none]
[debug] [2024-09-07T19:32:58.291Z] >>> [apiv2][(partial)header] GET https://serviceusage.googleapis.com/v1/projects/prueba-6cfd1/services/firebasedatabase.googleapis.com x-goog-quota-user=projects/prueba-6cfd1
[debug] [2024-09-07T19:32:58.997Z] <<< [apiv2][status] GET https://serviceusage.googleapis.com/v1/projects/prueba-6cfd1/services/firebasedatabase.googleapis.com 200
[debug] [2024-09-07T19:32:58.997Z] <<< [apiv2][body] GET https://serviceusage.googleapis.com/v1/projects/prueba-6cfd1/services/firebasedatabase.googleapis.com [omitted]
[warn] !  database: missing required API firebasedatabase.googleapis.com. Enabling now... 
[debug] [2024-09-07T19:32:58.998Z] >>> [apiv2][query] POST https://serviceusage.googleapis.com/v1/projects/prueba-6cfd1/services/firebasedatabase.googleapis.com:enable [none]
[debug] [2024-09-07T19:32:58.998Z] >>> [apiv2][(partial)header] POST https://serviceusage.googleapis.com/v1/projects/prueba-6cfd1/services/firebasedatabase.googleapis.com:enable x-goog-quota-user=projects/prueba-6cfd1
[debug] [2024-09-07T19:32:59.439Z] <<< [apiv2][status] POST https://serviceusage.googleapis.com/v1/projects/prueba-6cfd1/services/firebasedatabase.googleapis.com:enable 200
[debug] [2024-09-07T19:32:59.439Z] <<< [apiv2][body] POST https://serviceusage.googleapis.com/v1/projects/prueba-6cfd1/services/firebasedatabase.googleapis.com:enable [omitted]
[debug] [2024-09-07T19:33:09.440Z] >>> [apiv2][query] GET https://serviceusage.googleapis.com/v1/projects/prueba-6cfd1/services/firebasedatabase.googleapis.com [none]
[debug] [2024-09-07T19:33:09.440Z] >>> [apiv2][(partial)header] GET https://serviceusage.googleapis.com/v1/projects/prueba-6cfd1/services/firebasedatabase.googleapis.com x-goog-quota-user=projects/prueba-6cfd1
[debug] [2024-09-07T19:33:09.998Z] <<< [apiv2][status] GET https://serviceusage.googleapis.com/v1/projects/prueba-6cfd1/services/firebasedatabase.googleapis.com 200
[debug] [2024-09-07T19:33:09.998Z] <<< [apiv2][body] GET https://serviceusage.googleapis.com/v1/projects/prueba-6cfd1/services/firebasedatabase.googleapis.com [omitted]
[info] +  database: required API firebasedatabase.googleapis.com is enabled 
[info] 
[debug] [2024-09-07T19:33:10.000Z] >>> [apiv2][query] GET https://firebase.googleapis.com/v1beta1/projects/prueba-6cfd1 [none]
[debug] [2024-09-07T19:33:10.404Z] <<< [apiv2][status] GET https://firebase.googleapis.com/v1beta1/projects/prueba-6cfd1 200
[debug] [2024-09-07T19:33:10.404Z] <<< [apiv2][body] GET https://firebase.googleapis.com/v1beta1/projects/prueba-6cfd1 {"projectId":"prueba-6cfd1","projectNumber":"69158231501","displayName":"prueba","name":"projects/prueba-6cfd1","resources":{"hostingSite":"prueba-6cfd1"},"state":"ACTIVE","etag":"1_8c7901d2-8861-4e73-a4d9-943e4c4f114b"}
[debug] [2024-09-07T19:33:16.648Z] >>> [apiv2][query] POST https://firebasedatabase.googleapis.com/v1beta/projects/prueba-6cfd1/locations/us-central1/instances databaseId=prueba-6cfd1-default-rtdb&validateOnly=true
[debug] [2024-09-07T19:33:16.649Z] >>> [apiv2][body] POST https://firebasedatabase.googleapis.com/v1beta/projects/prueba-6cfd1/locations/us-central1/instances {"type":"default_database"}
[debug] [2024-09-07T19:33:17.378Z] <<< [apiv2][status] POST https://firebasedatabase.googleapis.com/v1beta/projects/prueba-6cfd1/locations/us-central1/instances 200
[debug] [2024-09-07T19:33:17.378Z] <<< [apiv2][body] POST https://firebasedatabase.googleapis.com/v1beta/projects/prueba-6cfd1/locations/us-central1/instances {"name":"projects/69158231501/locations/us-central1/instances/prueba-6cfd1-default-rtdb","project":"projects/69158231501","databaseUrl":"https://prueba-6cfd1-default-rtdb.firebaseio.com","type":"DEFAULT_DATABASE","state":"ACTIVE"}
[debug] [2024-09-07T19:33:17.379Z] >>> [apiv2][query] POST https://firebasedatabase.googleapis.com/v1beta/projects/prueba-6cfd1/locations/us-central1/instances databaseId=prueba-6cfd1-default-rtdb
[debug] [2024-09-07T19:33:17.379Z] >>> [apiv2][body] POST https://firebasedatabase.googleapis.com/v1beta/projects/prueba-6cfd1/locations/us-central1/instances {"type":"default_database"}
[debug] [2024-09-07T19:33:17.849Z] <<< [apiv2][status] POST https://firebasedatabase.googleapis.com/v1beta/projects/prueba-6cfd1/locations/us-central1/instances 200
[debug] [2024-09-07T19:33:17.850Z] <<< [apiv2][body] POST https://firebasedatabase.googleapis.com/v1beta/projects/prueba-6cfd1/locations/us-central1/instances {"name":"projects/69158231501/locations/us-central1/instances/prueba-6cfd1-default-rtdb","project":"projects/69158231501","databaseUrl":"https://prueba-6cfd1-default-rtdb.firebaseio.com","type":"DEFAULT_DATABASE","state":"ACTIVE"}
[info] 
[info] Firebase Realtime Database Security Rules allow you to define how your data should be
[info] structured and when your data can be read from and written to.
[info] 
[debug] [2024-09-07T19:33:22.283Z] >>> [apiv2][query] GET https://prueba-6cfd1-default-rtdb.firebaseio.com/.settings/rules.json [none]
[debug] [2024-09-07T19:33:23.076Z] <<< [apiv2][status] GET https://prueba-6cfd1-default-rtdb.firebaseio.com/.settings/rules.json 200
[debug] [2024-09-07T19:33:23.076Z] <<< [apiv2][body] GET https://prueba-6cfd1-default-rtdb.firebaseio.com/.settings/rules.json [stream]
[info] +  Database Rules for prueba-6cfd1-default-rtdb have been written to database.rules.json. 
[info] Future modifications to database.rules.json will update Realtime Database Security Rules when you run
[info] firebase deploy.
[info] 
=== Hosting Setup
[debug] [2024-09-07T19:33:23.080Z] >>> [apiv2][query] GET https://firebase.googleapis.com/v1beta1/projects/prueba-6cfd1 [none]
[debug] [2024-09-07T19:33:23.429Z] <<< [apiv2][status] GET https://firebase.googleapis.com/v1beta1/projects/prueba-6cfd1 200
[debug] [2024-09-07T19:33:23.429Z] <<< [apiv2][body] GET https://firebase.googleapis.com/v1beta1/projects/prueba-6cfd1 {"projectId":"prueba-6cfd1","projectNumber":"69158231501","displayName":"prueba","name":"projects/prueba-6cfd1","resources":{"hostingSite":"prueba-6cfd1","realtimeDatabaseInstance":"prueba-6cfd1-default-rtdb"},"state":"ACTIVE","etag":"1_8c7901d2-8861-4e73-a4d9-943e4c4f114b"}
[info] 
[info] Your public directory is the folder (relative to your project directory) that
[info] will contain Hosting assets to be uploaded with firebase deploy. If you
[info] have a build process for your assets, use your build's output directory.
[info] 
[debug] [2024-09-07T19:33:31.914Z] >>> [apiv2][query] GET https://www.gstatic.com/firebasejs/releases.json [none]
[debug] [2024-09-07T19:33:32.155Z] <<< [apiv2][status] GET https://www.gstatic.com/firebasejs/releases.json 200
[debug] [2024-09-07T19:33:32.155Z] <<< [apiv2][body] GET https://www.gstatic.com/firebasejs/releases.json {"current":{"version":"10.13.1","browserURL":"https://www.gstatic.com/firebasejs/10.13.1/firebase.js","packageURL":"https://www.gstatic.com/firebasejs/10.13.1/firebase.tgz"},"live":{"version":"10.13","browserURL":"https://www.gstatic.com/firebasejs/live/10.13/firebase.js","packageURL":"https://www.gstatic.com/firebasejs/live/10.13/firebase.tgz"},"components":{"analytics":"https://www.gstatic.com/firebasejs/10.13.1/firebase-analytics.js","app":"https://www.gstatic.com/firebasejs/10.13.1/firebase-app.js","app-check":"https://www.gstatic.com/firebasejs/10.13.1/firebase-app-check.js","auth":"https://www.gstatic.com/firebasejs/10.13.1/firebase-auth.js","auth/cordova":"https://www.gstatic.com/firebasejs/10.13.1/firebase-auth/cordova.js","auth/web-extension":"https://www.gstatic.com/firebasejs/10.13.1/firebase-auth/web-extension.js","functions":"https://www.gstatic.com/firebasejs/10.13.1/firebase-functions.js","firestore":"https://www.gstatic.com/firebasejs/10.13.1/firebase-firestore.js","firestore/lite":"https://www.gstatic.com/firebasejs/10.13.1/firebase-firestore/lite.js","installations":"https://www.gstatic.com/firebasejs/10.13.1/firebase-installations.js","storage":"https://www.gstatic.com/firebasejs/10.13.1/firebase-storage.js","performance":"https://www.gstatic.com/firebasejs/10.13.1/firebase-performance.js","remote-config":"https://www.gstatic.com/firebasejs/10.13.1/firebase-remote-config.js","messaging":"https://www.gstatic.com/firebasejs/10.13.1/firebase-messaging.js","messaging/sw":"https://www.gstatic.com/firebasejs/10.13.1/firebase-messaging/sw.js","database":"https://www.gstatic.com/firebasejs/10.13.1/firebase-database.js","vertexai-preview":"https://www.gstatic.com/firebasejs/10.13.1/firebase-vertexai-preview.js","firestore.memory":"https://www.gstatic.com/firebasejs/10.13.1/firebase-firestore.memory.js"}}
[info] +  Wrote public/index.html 
[info] 
[info] i  Didn't detect a .git folder. Assuming C:\Users\david\OneDrive\Documentos\ondrive\OneDrive\Escritorio\firebase is the project root. 
[info] i  Authorizing with GitHub to upload your service account to a GitHub repository's secrets store. 
[info] 
[info] Visit this URL on this device to log in:
[info] https://github.com/login/oauth/authorize?client_id=89cf50f02ac6aaed3484&state=84425384&redirect_uri=http%3A%2F%2Flocalhost%3A9005&scope=read%3Auser%20repo%20public_repo
[info] 
[info] Waiting for authentication...
[debug] [2024-09-07T19:33:39.815Z] >>> [apiv2][query] POST https://github.com/login/oauth/access_token [none]
[debug] [2024-09-07T19:33:39.815Z] >>> [apiv2][body] POST https://github.com/login/oauth/access_token [stream]
[debug] [2024-09-07T19:33:40.281Z] <<< [apiv2][status] POST https://github.com/login/oauth/access_token 200
[debug] [2024-09-07T19:33:40.281Z] <<< [apiv2][body] POST https://github.com/login/oauth/access_token {"access_token":"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","token_type":"bearer","scope":"read:user,repo"}
[debug] [2024-09-07T19:33:40.285Z] >>> [apiv2][query] GET https://api.github.com/user [none]
[debug] [2024-09-07T19:33:40.768Z] <<< [apiv2][status] GET https://api.github.com/user 200
[debug] [2024-09-07T19:33:40.768Z] <<< [apiv2][body] GET https://api.github.com/user {"login":"Davidcrz14","id":70966976,"node_id":"MDQ6VXNlcjcwOTY2OTc2","avatar_url":"https://avatars.githubusercontent.com/u/70966976?v=4","gravatar_id":"","url":"https://api.github.com/users/Davidcrz14","html_url":"https://github.com/Davidcrz14","followers_url":"https://api.github.com/users/Davidcrz14/followers","following_url":"https://api.github.com/users/Davidcrz14/following{/other_user}","gists_url":"https://api.github.com/users/Davidcrz14/gists{/gist_id}","starred_url":"https://api.github.com/users/Davidcrz14/starred{/owner}{/repo}","subscriptions_url":"https://api.github.com/users/Davidcrz14/subscriptions","organizations_url":"https://api.github.com/users/Davidcrz14/orgs","repos_url":"https://api.github.com/users/Davidcrz14/repos","events_url":"https://api.github.com/users/Davidcrz14/events{/privacy}","received_events_url":"https://api.github.com/users/Davidcrz14/received_events","type":"User","site_admin":false,"name":"DavC","company":null,"blog":"https://davidcrz14.github.io/","location":null,"email":null,"hireable":null,"bio":"Programador de Programas programables","twitter_username":null,"notification_email":null,"public_repos":23,"public_gists":0,"followers":5,"following":0,"created_at":"2020-09-08T15:59:05Z","updated_at":"2024-08-27T17:00:26Z","private_gists":0,"total_private_repos":0,"owned_private_repos":0,"disk_usage":49879,"collaborators":0,"two_factor_authentication":false,"plan":{"name":"free","space":976562499,"collaborators":0,"private_repos":10000}}
[info] 
[info] +  Success! Logged into GitHub as Davidcrz14 
[info] 
[debug] [2024-09-07T19:33:45.947Z] >>> [apiv2][query] GET https://api.github.com/repos//actions/secrets/public-key type=owner
[debug] [2024-09-07T19:33:46.314Z] <<< [apiv2][status] GET https://api.github.com/repos//actions/secrets/public-key 404
[debug] [2024-09-07T19:33:46.314Z] <<< [apiv2][body] GET https://api.github.com/repos//actions/secrets/public-key {"message":"Not Found","documentation_url":"https://docs.github.com/rest","status":"404"}
[info] 
[info] 
[error] !  The provided authorization cannot be used with this repository. If this repository is in an organization, did you remember to grant access? 
[info] 
[info] i  Action required: Visit this URL to ensure access has been granted to the appropriate organization(s) for the Firebase CLI GitHub OAuth App: 
[info] https://github.com/settings/connections/applications/89cf50f02ac6aaed3484
[info] 
[debug] [2024-09-07T19:33:47.911Z] >>> [apiv2][query] GET https://api.github.com/repos//actions/secrets/public-key type=owner
[debug] [2024-09-07T19:33:48.038Z] <<< [apiv2][status] GET https://api.github.com/repos//actions/secrets/public-key 404
[debug] [2024-09-07T19:33:48.038Z] <<< [apiv2][body] GET https://api.github.com/repos//actions/secrets/public-key {"message":"Not Found","documentation_url":"https://docs.github.com/rest","status":"404"}
[info] 
[info] 
[error] !  The provided authorization cannot be used with this repository. If this repository is in an organization, did you remember to grant access? 
[info] 
[info] i  Action required: Visit this URL to ensure access has been granted to the appropriate organization(s) for the Firebase CLI GitHub OAuth App: 
[info] https://github.com/settings/connections/applications/89cf50f02ac6aaed3484
[info] 
[debug] [2024-09-07T19:33:54.129Z] >>> [apiv2][query] GET https://api.github.com/repos//actions/secrets/public-key type=owner
[debug] [2024-09-07T19:33:54.444Z] <<< [apiv2][status] GET https://api.github.com/repos//actions/secrets/public-key 404
[debug] [2024-09-07T19:33:54.444Z] <<< [apiv2][body] GET https://api.github.com/repos//actions/secrets/public-key {"message":"Not Found","documentation_url":"https://docs.github.com/rest","status":"404"}
[info] 
[info] 
[error] !  The provided authorization cannot be used with this repository. If this repository is in an organization, did you remember to grant access? 
[info] 
[info] i  Action required: Visit this URL to ensure access has been granted to the appropriate organization(s) for the Firebase CLI GitHub OAuth App: 
[info] https://github.com/settings/connections/applications/89cf50f02ac6aaed3484
[info] 
[debug] [2024-09-07T19:34:05.541Z] >>> [apiv2][query] GET https://api.github.com/repos//actions/secrets/public-key type=owner
[debug] [2024-09-07T19:34:05.963Z] <<< [apiv2][status] GET https://api.github.com/repos//actions/secrets/public-key 404
[debug] [2024-09-07T19:34:05.963Z] <<< [apiv2][body] GET https://api.github.com/repos//actions/secrets/public-key {"message":"Not Found","documentation_url":"https://docs.github.com/rest","status":"404"}
[info] 
[info] 
[error] !  The provided authorization cannot be used with this repository. If this repository is in an organization, did you remember to grant access? 
[info] 
[info] i  Action required: Visit this URL to ensure access has been granted to the appropriate organization(s) for the Firebase CLI GitHub OAuth App: 
[info] https://github.com/settings/connections/applications/89cf50f02ac6aaed3484
[info] 
[debug] [2024-09-07T19:34:08.064Z] >>> [apiv2][query] GET https://api.github.com/repos/yu/actions/secrets/public-key type=owner
[debug] [2024-09-07T19:34:08.188Z] <<< [apiv2][status] GET https://api.github.com/repos/yu/actions/secrets/public-key 404
[debug] [2024-09-07T19:34:08.189Z] <<< [apiv2][body] GET https://api.github.com/repos/yu/actions/secrets/public-key {"message":"Not Found","documentation_url":"https://docs.github.com/rest","status":"404"}
[info] 
[info] 
[error] !  The provided authorization cannot be used with this repository. If this repository is in an organization, did you remember to grant access? 
[info] 
[info] i  Action required: Visit this URL to ensure access has been granted to the appropriate organization(s) for the Firebase CLI GitHub OAuth App: 
[info] https://github.com/settings/connections/applications/89cf50f02ac6aaed3484
[info] 
[debug] [2024-09-07T19:34:13.482Z] >>> [apiv2][query] GET https://api.github.com/repos//actions/secrets/public-key type=owner
[debug] [2024-09-07T19:34:13.843Z] <<< [apiv2][status] GET https://api.github.com/repos//actions/secrets/public-key 404
[debug] [2024-09-07T19:34:13.843Z] <<< [apiv2][body] GET https://api.github.com/repos//actions/secrets/public-key {"message":"Not Found","documentation_url":"https://docs.github.com/rest","status":"404"}
[info] 
[info] 
[error] !  The provided authorization cannot be used with this repository. If this repository is in an organization, did you remember to grant access? 
[info] 
[info] i  Action required: Visit this URL to ensure access has been granted to the appropriate organization(s) for the Firebase CLI GitHub OAuth App: 
[info] https://github.com/settings/connections/applications/89cf50f02ac6aaed3484
[info] 
[debug] [2024-09-07T19:34:55.990Z] >>> [apiv2][query] GET https://api.github.com/repos//actions/secrets/public-key type=owner
[debug] [2024-09-07T19:34:56.293Z] <<< [apiv2][status] GET https://api.github.com/repos//actions/secrets/public-key 404
[debug] [2024-09-07T19:34:56.293Z] <<< [apiv2][body] GET https://api.github.com/repos//actions/secrets/public-key {"message":"Not Found","documentation_url":"https://docs.github.com/rest","status":"404"}
[info] 
[info] 
[error] !  The provided authorization cannot be used with this repository. If this repository is in an organization, did you remember to grant access? 
[info] 
[info] i  Action required: Visit this URL to ensure access has been granted to the appropriate organization(s) for the Firebase CLI GitHub OAuth App: 
[info] https://github.com/settings/connections/applications/89cf50f02ac6aaed3484
[info] 
[debug] [2024-09-07T19:34:56.659Z] >>> [apiv2][query] GET https://api.github.com/repos//actions/secrets/public-key type=owner
[debug] [2024-09-07T19:34:56.781Z] <<< [apiv2][status] GET https://api.github.com/repos//actions/secrets/public-key 404
[debug] [2024-09-07T19:34:56.781Z] <<< [apiv2][body] GET https://api.github.com/repos//actions/secrets/public-key {"message":"Not Found","documentation_url":"https://docs.github.com/rest","status":"404"}
[info] 
[info] 
[error] !  The provided authorization cannot be used with this repository. If this repository is in an organization, did you remember to grant access? 
[info] 
[info] i  Action required: Visit this URL to ensure access has been granted to the appropriate organization(s) for the Firebase CLI GitHub OAuth App: 
[info] https://github.com/settings/connections/applications/89cf50f02ac6aaed3484
[info] 
[debug] [2024-09-07T19:35:56.725Z] >>> [apiv2][query] GET https://api.github.com/repos/Davidcrz14/prueba/actions/secrets/public-key type=owner
[debug] [2024-09-07T19:35:57.039Z] <<< [apiv2][status] GET https://api.github.com/repos/Davidcrz14/prueba/actions/secrets/public-key 404
[debug] [2024-09-07T19:35:57.039Z] <<< [apiv2][body] GET https://api.github.com/repos/Davidcrz14/prueba/actions/secrets/public-key {"message":"Not Found","documentation_url":"https://docs.github.com/rest/actions/secrets#get-a-repository-public-key","status":"404"}
[info] 
[info] 
[error] !  The provided authorization cannot be used with this repository. If this repository is in an organization, did you remember to grant access? 
[info] 
[info] i  Action required: Visit this URL to ensure access has been granted to the appropriate organization(s) for the Firebase CLI GitHub OAuth App: 
[info] https://github.com/settings/connections/applications/89cf50f02ac6aaed3484
[info] 
[debug] [2024-09-07T19:36:00.705Z] >>> [apiv2][query] GET https://api.github.com/repos/Davidcrz14/prueba/actions/secrets/public-key type=owner
[debug] [2024-09-07T19:36:00.871Z] <<< [apiv2][status] GET https://api.github.com/repos/Davidcrz14/prueba/actions/secrets/public-key 404
[debug] [2024-09-07T19:36:00.871Z] <<< [apiv2][body] GET https://api.github.com/repos/Davidcrz14/prueba/actions/secrets/public-key {"message":"Not Found","documentation_url":"https://docs.github.com/rest/actions/secrets#get-a-repository-public-key","status":"404"}
[info] 
[info] 
[error] !  The provided authorization cannot be used with this repository. If this repository is in an organization, did you remember to grant access? 
[info] 
[info] i  Action required: Visit this URL to ensure access has been granted to the appropriate organization(s) for the Firebase CLI GitHub OAuth App: 
[info] https://github.com/settings/connections/applications/89cf50f02ac6aaed3484
[info] 
[debug] [2024-09-07T19:36:01.502Z] >>> [apiv2][query] GET https://api.github.com/repos/Davidcrz14/prueba/actions/secrets/public-key type=owner
[debug] [2024-09-07T19:36:01.638Z] <<< [apiv2][status] GET https://api.github.com/repos/Davidcrz14/prueba/actions/secrets/public-key 404
[debug] [2024-09-07T19:36:01.638Z] <<< [apiv2][body] GET https://api.github.com/repos/Davidcrz14/prueba/actions/secrets/public-key {"message":"Not Found","documentation_url":"https://docs.github.com/rest/actions/secrets#get-a-repository-public-key","status":"404"}
[info] 
[info] 
[error] !  The provided authorization cannot be used with this repository. If this repository is in an organization, did you remember to grant access? 
[info] 
[info] i  Action required: Visit this URL to ensure access has been granted to the appropriate organization(s) for the Firebase CLI GitHub OAuth App: 
[info] https://github.com/settings/connections/applications/89cf50f02ac6aaed3484
[info] 
[debug] [2024-09-07T19:36:09.022Z] >>> [apiv2][query] GET https://api.github.com/repos/Davidcrz14/prueba/actions/secrets/public-key type=owner
[debug] [2024-09-07T19:36:09.393Z] <<< [apiv2][status] GET https://api.github.com/repos/Davidcrz14/prueba/actions/secrets/public-key 404
[debug] [2024-09-07T19:36:09.393Z] <<< [apiv2][body] GET https://api.github.com/repos/Davidcrz14/prueba/actions/secrets/public-key {"message":"Not Found","documentation_url":"https://docs.github.com/rest/actions/secrets#get-a-repository-public-key","status":"404"}
[info] 
[info] 
[error] !  The provided authorization cannot be used with this repository. If this repository is in an organization, did you remember to grant access? 
[info] 
[info] i  Action required: Visit this URL to ensure access has been granted to the appropriate organization(s) for the Firebase CLI GitHub OAuth App: 
[info] https://github.com/settings/connections/applications/89cf50f02ac6aaed3484
[info] 
[debug] [2024-09-07T19:36:11.301Z] >>> [apiv2][query] GET https://api.github.com/repos/Davidcrz14/prueba/actions/secrets/public-key type=owner
[debug] [2024-09-07T19:36:11.426Z] <<< [apiv2][status] GET https://api.github.com/repos/Davidcrz14/prueba/actions/secrets/public-key 404
[debug] [2024-09-07T19:36:11.427Z] <<< [apiv2][body] GET https://api.github.com/repos/Davidcrz14/prueba/actions/secrets/public-key {"message":"Not Found","documentation_url":"https://docs.github.com/rest/actions/secrets#get-a-repository-public-key","status":"404"}
[info] 
[info] 
[error] !  The provided authorization cannot be used with this repository. If this repository is in an organization, did you remember to grant access? 
[info] 
[info] i  Action required: Visit this URL to ensure access has been granted to the appropriate organization(s) for the Firebase CLI GitHub OAuth App: 
[info] https://github.com/settings/connections/applications/89cf50f02ac6aaed3484
[info] 
[debug] [2024-09-07T19:36:11.598Z] >>> [apiv2][query] GET https://api.github.com/repos/Davidcrz14/prueba/actions/secrets/public-key type=owner
[debug] [2024-09-07T19:36:11.756Z] <<< [apiv2][status] GET https://api.github.com/repos/Davidcrz14/prueba/actions/secrets/public-key 404
[debug] [2024-09-07T19:36:11.756Z] <<< [apiv2][body] GET https://api.github.com/repos/Davidcrz14/prueba/actions/secrets/public-key {"message":"Not Found","documentation_url":"https://docs.github.com/rest/actions/secrets#get-a-repository-public-key","status":"404"}
[info] 
[info] 
[error] !  The provided authorization cannot be used with this repository. If this repository is in an organization, did you remember to grant access? 
[info] 
[info] i  Action required: Visit this URL to ensure access has been granted to the appropriate organization(s) for the Firebase CLI GitHub OAuth App: 
[info] https://github.com/settings/connections/applications/89cf50f02ac6aaed3484
[info] 
[debug] [2024-09-07T19:37:24.471Z] >>> [apiv2][query] GET https://api.github.com/repos/y/actions/secrets/public-key type=owner
[debug] [2024-09-07T19:37:24.784Z] <<< [apiv2][status] GET https://api.github.com/repos/y/actions/secrets/public-key 404
[debug] [2024-09-07T19:37:24.784Z] <<< [apiv2][body] GET https://api.github.com/repos/y/actions/secrets/public-key {"message":"Not Found","documentation_url":"https://docs.github.com/rest","status":"404"}
[info] 
[info] 
[error] !  The provided authorization cannot be used with this repository. If this repository is in an organization, did you remember to grant access? 
[info] 
[info] i  Action required: Visit this URL to ensure access has been granted to the appropriate organization(s) for the Firebase CLI GitHub OAuth App: 
[info] https://github.com/settings/connections/applications/89cf50f02ac6aaed3484
[info] 
[debug] [2024-09-07T19:37:57.528Z] >>> [apiv2][query] GET https://api.github.com/repos/y/actions/secrets/public-key type=owner
[debug] [2024-09-07T19:37:57.880Z] <<< [apiv2][status] GET https://api.github.com/repos/y/actions/secrets/public-key 401
[debug] [2024-09-07T19:37:57.880Z] <<< [apiv2][body] GET https://api.github.com/repos/y/actions/secrets/public-key {"message":"Bad credentials","documentation_url":"https://docs.github.com/rest","status":"401"}
[debug] [2024-09-07T19:37:59.697Z] >>> [apiv2][query] GET https://api.github.com/repos/y/actions/secrets/public-key type=owner
[debug] [2024-09-07T19:37:59.801Z] <<< [apiv2][status] GET https://api.github.com/repos/y/actions/secrets/public-key 401
[debug] [2024-09-07T19:37:59.801Z] <<< [apiv2][body] GET https://api.github.com/repos/y/actions/secrets/public-key {"message":"Bad credentials","documentation_url":"https://docs.github.com/rest","status":"401"}
[debug] [2024-09-07T19:38:00.737Z] >>> [apiv2][query] GET https://api.github.com/repos//actions/secrets/public-key type=owner
[debug] [2024-09-07T19:38:00.844Z] <<< [apiv2][status] GET https://api.github.com/repos//actions/secrets/public-key 401
[debug] [2024-09-07T19:38:00.844Z] <<< [apiv2][body] GET https://api.github.com/repos//actions/secrets/public-key {"message":"Bad credentials","documentation_url":"https://docs.github.com/rest","status":"401"}
[debug] [2024-09-07T19:38:01.045Z] >>> [apiv2][query] GET https://api.github.com/repos//actions/secrets/public-key type=owner
[debug] [2024-09-07T19:38:01.145Z] <<< [apiv2][status] GET https://api.github.com/repos//actions/secrets/public-key 401
[debug] [2024-09-07T19:38:01.145Z] <<< [apiv2][body] GET https://api.github.com/repos//actions/secrets/public-key {"message":"Bad credentials","documentation_url":"https://docs.github.com/rest","status":"401"}
[debug] [2024-09-07T19:38:01.212Z] >>> [apiv2][query] GET https://api.github.com/repos//actions/secrets/public-key type=owner
[debug] [2024-09-07T19:38:01.312Z] <<< [apiv2][status] GET https://api.github.com/repos//actions/secrets/public-key 401
[debug] [2024-09-07T19:38:01.312Z] <<< [apiv2][body] GET https://api.github.com/repos//actions/secrets/public-key {"message":"Bad credentials","documentation_url":"https://docs.github.com/rest","status":"401"}
[debug] [2024-09-07T19:38:01.341Z] >>> [apiv2][query] GET https://api.github.com/repos//actions/secrets/public-key type=owner
[debug] [2024-09-07T19:38:01.446Z] <<< [apiv2][status] GET https://api.github.com/repos//actions/secrets/public-key 401
[debug] [2024-09-07T19:38:01.446Z] <<< [apiv2][body] GET https://api.github.com/repos//actions/secrets/public-key {"message":"Bad credentials","documentation_url":"https://docs.github.com/rest","status":"401"}
[debug] [2024-09-07T19:38:06.195Z] >>> [apiv2][query] GET https://api.github.com/repos/Davidcrz14/prueba/actions/secrets/public-key type=owner
[debug] [2024-09-07T19:38:06.306Z] <<< [apiv2][status] GET https://api.github.com/repos/Davidcrz14/prueba/actions/secrets/public-key 401
[debug] [2024-09-07T19:38:06.306Z] <<< [apiv2][body] GET https://api.github.com/repos/Davidcrz14/prueba/actions/secrets/public-key {"message":"Bad credentials","documentation_url":"https://docs.github.com/rest","status":"401"}
[debug] [2024-09-07T19:38:12.888Z] >>> [apiv2][query] GET https://api.github.com/repos/Davidcrz14/firebase/actions/secrets/public-key type=owner
[debug] [2024-09-07T19:38:13.186Z] <<< [apiv2][status] GET https://api.github.com/repos/Davidcrz14/firebase/actions/secrets/public-key 401
[debug] [2024-09-07T19:38:13.187Z] <<< [apiv2][body] GET https://api.github.com/repos/Davidcrz14/firebase/actions/secrets/public-key {"message":"Bad credentials","documentation_url":"https://docs.github.com/rest","status":"401"}
[debug] [2024-09-07T19:38:13.515Z] >>> [apiv2][query] GET https://api.github.com/repos/Davidcrz14/firebase/actions/secrets/public-key type=owner
[debug] [2024-09-07T19:38:13.622Z] <<< [apiv2][status] GET https://api.github.com/repos/Davidcrz14/firebase/actions/secrets/public-key 401
[debug] [2024-09-07T19:38:13.622Z] <<< [apiv2][body] GET https://api.github.com/repos/Davidcrz14/firebase/actions/secrets/public-key {"message":"Bad credentials","documentation_url":"https://docs.github.com/rest","status":"401"}
[debug] [2024-09-07T19:38:13.945Z] >>> [apiv2][query] GET https://api.github.com/repos/Davidcrz14/firebase/actions/secrets/public-key type=owner
[debug] [2024-09-07T19:38:14.048Z] <<< [apiv2][status] GET https://api.github.com/repos/Davidcrz14/firebase/actions/secrets/public-key 401
[debug] [2024-09-07T19:38:14.048Z] <<< [apiv2][body] GET https://api.github.com/repos/Davidcrz14/firebase/actions/secrets/public-key {"message":"Bad credentials","documentation_url":"https://docs.github.com/rest","status":"401"}
[debug] [2024-09-07T19:38:14.372Z] >>> [apiv2][query] GET https://api.github.com/repos/Davidcrz14/firebase/actions/secrets/public-key type=owner
[debug] [2024-09-07T19:38:14.480Z] <<< [apiv2][status] GET https://api.github.com/repos/Davidcrz14/firebase/actions/secrets/public-key 401
[debug] [2024-09-07T19:38:14.481Z] <<< [apiv2][body] GET https://api.github.com/repos/Davidcrz14/firebase/actions/secrets/public-key {"message":"Bad credentials","documentation_url":"https://docs.github.com/rest","status":"401"}
[debug] [2024-09-07T19:38:14.552Z] >>> [apiv2][query] GET https://api.github.com/repos/Davidcrz14/firebase/actions/secrets/public-key type=owner
[debug] [2024-09-07T19:38:14.662Z] <<< [apiv2][status] GET https://api.github.com/repos/Davidcrz14/firebase/actions/secrets/public-key 401
[debug] [2024-09-07T19:38:14.662Z] <<< [apiv2][body] GET https://api.github.com/repos/Davidcrz14/firebase/actions/secrets/public-key {"message":"Bad credentials","documentation_url":"https://docs.github.com/rest","status":"401"}
[debug] [2024-09-07T19:38:15.059Z] >>> [apiv2][query] GET https://api.github.com/repos/Davidcrz14/firebase/actions/secrets/public-key type=owner
[debug] [2024-09-07T19:38:15.170Z] <<< [apiv2][status] GET https://api.github.com/repos/Davidcrz14/firebase/actions/secrets/public-key 401
[debug] [2024-09-07T19:38:15.171Z] <<< [apiv2][body] GET https://api.github.com/repos/Davidcrz14/firebase/actions/secrets/public-key {"message":"Bad credentials","documentation_url":"https://docs.github.com/rest","status":"401"}
[debug] [2024-09-07T19:38:15.575Z] >>> [apiv2][query] GET https://api.github.com/repos/Davidcrz14/firebase/actions/secrets/public-key type=owner
[debug] [2024-09-07T19:38:15.606Z] >>> [apiv2][query] GET https://api.github.com/repos//actions/secrets/public-key type=owner
[debug] [2024-09-07T19:38:15.636Z] >>> [apiv2][query] GET https://api.github.com/repos//actions/secrets/public-key type=owner
[debug] [2024-09-07T19:38:15.666Z] >>> [apiv2][query] GET https://api.github.com/repos//actions/secrets/public-key type=owner
[debug] [2024-09-07T19:38:15.682Z] <<< [apiv2][status] GET https://api.github.com/repos/Davidcrz14/firebase/actions/secrets/public-key 401
[debug] [2024-09-07T19:38:15.682Z] <<< [apiv2][body] GET https://api.github.com/repos/Davidcrz14/firebase/actions/secrets/public-key {"message":"Bad credentials","documentation_url":"https://docs.github.com/rest","status":"401"}
[debug] [2024-09-07T19:38:15.697Z] >>> [apiv2][query] GET https://api.github.com/repos/Davidcrz14/firebase/actions/secrets/public-key type=owner
[debug] [2024-09-07T19:38:15.727Z] >>> [apiv2][query] GET https://api.github.com/repos//actions/secrets/public-key type=owner
[debug] [2024-09-07T19:38:15.757Z] >>> [apiv2][query] GET https://api.github.com/repos//actions/secrets/public-key type=owner
[debug] [2024-09-07T19:38:15.788Z] >>> [apiv2][query] GET https://api.github.com/repos//actions/secrets/public-key type=owner
[debug] [2024-09-07T19:38:15.800Z] <<< [apiv2][status] GET https://api.github.com/repos/Davidcrz14/firebase/actions/secrets/public-key 401
[debug] [2024-09-07T19:38:15.800Z] <<< [apiv2][body] GET https://api.github.com/repos/Davidcrz14/firebase/actions/secrets/public-key {"message":"Bad credentials","documentation_url":"https://docs.github.com/rest","status":"401"}
[debug] [2024-09-07T19:38:15.818Z] >>> [apiv2][query] GET https://api.github.com/repos/Davidcrz14/firebase/actions/secrets/public-key type=owner
[debug] [2024-09-07T19:38:15.848Z] >>> [apiv2][query] GET https://api.github.com/repos//actions/secrets/public-key type=owner
[debug] [2024-09-07T19:38:15.879Z] <<< [apiv2][status] GET https://api.github.com/repos//actions/secrets/public-key 401
[debug] [2024-09-07T19:38:15.879Z] <<< [apiv2][body] GET https://api.github.com/repos//actions/secrets/public-key {"message":"Bad credentials","documentation_url":"https://docs.github.com/rest","status":"401"}
[debug] [2024-09-07T19:38:15.880Z] >>> [apiv2][query] GET https://api.github.com/repos//actions/secrets/public-key type=owner
[debug] [2024-09-07T19:38:15.909Z] >>> [apiv2][query] GET https://api.github.com/repos//actions/secrets/public-key type=owner
[debug] [2024-09-07T19:38:15.920Z] <<< [apiv2][status] GET https://api.github.com/repos/Davidcrz14/firebase/actions/secrets/public-key 401
[debug] [2024-09-07T19:38:15.920Z] <<< [apiv2][body] GET https://api.github.com/repos/Davidcrz14/firebase/actions/secrets/public-key {"message":"Bad credentials","documentation_url":"https://docs.github.com/rest","status":"401"}
[debug] [2024-09-07T19:38:15.929Z] <<< [apiv2][status] GET https://api.github.com/repos//actions/secrets/public-key 401
[debug] [2024-09-07T19:38:15.929Z] <<< [apiv2][body] GET https://api.github.com/repos//actions/secrets/public-key {"message":"Bad credentials","documentation_url":"https://docs.github.com/rest","status":"401"}
[debug] [2024-09-07T19:38:15.944Z] >>> [apiv2][query] GET https://api.github.com/repos/Davidcrz14/firebase/actions/secrets/public-key type=owner
[debug] [2024-09-07T19:38:15.970Z] >>> [apiv2][query] GET https://api.github.com/repos//actions/secrets/public-key type=owner
[debug] [2024-09-07T19:38:15.987Z] <<< [apiv2][status] GET https://api.github.com/repos//actions/secrets/public-key 401
[debug] [2024-09-07T19:38:15.988Z] <<< [apiv2][body] GET https://api.github.com/repos//actions/secrets/public-key {"message":"Bad credentials","documentation_url":"https://docs.github.com/rest","status":"401"}
[debug] [2024-09-07T19:38:16.000Z] >>> [apiv2][query] GET https://api.github.com/repos//actions/secrets/public-key type=owner
[debug] [2024-09-07T19:38:16.005Z] <<< [apiv2][status] GET https://api.github.com/repos//actions/secrets/public-key 401
[debug] [2024-09-07T19:38:16.005Z] <<< [apiv2][body] GET https://api.github.com/repos//actions/secrets/public-key {"message":"Bad credentials","documentation_url":"https://docs.github.com/rest","status":"401"}
[debug] [2024-09-07T19:38:16.007Z] <<< [apiv2][status] GET https://api.github.com/repos//actions/secrets/public-key 401
[debug] [2024-09-07T19:38:16.007Z] <<< [apiv2][body] GET https://api.github.com/repos//actions/secrets/public-key {"message":"Bad credentials","documentation_url":"https://docs.github.com/rest","status":"401"}
[debug] [2024-09-07T19:38:16.035Z] <<< [apiv2][status] GET https://api.github.com/repos//actions/secrets/public-key 401
[debug] [2024-09-07T19:38:16.035Z] <<< [apiv2][body] GET https://api.github.com/repos//actions/secrets/public-key {"message":"Bad credentials","documentation_url":"https://docs.github.com/rest","status":"401"}
[debug] [2024-09-07T19:38:16.052Z] >>> [apiv2][query] GET https://api.github.com/repos//actions/secrets/public-key type=owner
[debug] [2024-09-07T19:38:16.055Z] <<< [apiv2][status] GET https://api.github.com/repos//actions/secrets/public-key 401
[debug] [2024-09-07T19:38:16.055Z] <<< [apiv2][body] GET https://api.github.com/repos//actions/secrets/public-key {"message":"Bad credentials","documentation_url":"https://docs.github.com/rest","status":"401"}
[debug] [2024-09-07T19:38:16.056Z] <<< [apiv2][status] GET https://api.github.com/repos/Davidcrz14/firebase/actions/secrets/public-key 401
[debug] [2024-09-07T19:38:16.056Z] <<< [apiv2][body] GET https://api.github.com/repos/Davidcrz14/firebase/actions/secrets/public-key {"message":"Bad credentials","documentation_url":"https://docs.github.com/rest","status":"401"}
[debug] [2024-09-07T19:38:16.071Z] <<< [apiv2][status] GET https://api.github.com/repos//actions/secrets/public-key 401
[debug] [2024-09-07T19:38:16.071Z] <<< [apiv2][body] GET https://api.github.com/repos//actions/secrets/public-key {"message":"Bad credentials","documentation_url":"https://docs.github.com/rest","status":"401"}
[debug] [2024-09-07T19:38:16.088Z] >>> [apiv2][query] GET https://api.github.com/repos/Davidcrz14/firebase/actions/secrets/public-key type=owner
[debug] [2024-09-07T19:38:16.103Z] >>> [apiv2][query] GET https://api.github.com/repos//actions/secrets/public-key type=owner
[debug] [2024-09-07T19:38:16.108Z] <<< [apiv2][status] GET https://api.github.com/repos//actions/secrets/public-key 401
[debug] [2024-09-07T19:38:16.108Z] <<< [apiv2][body] GET https://api.github.com/repos//actions/secrets/public-key {"message":"Bad credentials","documentation_url":"https://docs.github.com/rest","status":"401"}
[debug] [2024-09-07T19:38:16.132Z] >>> [apiv2][query] GET https://api.github.com/repos//actions/secrets/public-key type=owner
[debug] [2024-09-07T19:38:16.139Z] <<< [apiv2][status] GET https://api.github.com/repos//actions/secrets/public-key 401
[debug] [2024-09-07T19:38:16.139Z] <<< [apiv2][body] GET https://api.github.com/repos//actions/secrets/public-key {"message":"Bad credentials","documentation_url":"https://docs.github.com/rest","status":"401"}
[debug] [2024-09-07T19:38:16.153Z] <<< [apiv2][status] GET https://api.github.com/repos//actions/secrets/public-key 401
[debug] [2024-09-07T19:38:16.153Z] <<< [apiv2][body] GET https://api.github.com/repos//actions/secrets/public-key {"message":"Bad credentials","documentation_url":"https://docs.github.com/rest","status":"401"}
[debug] [2024-09-07T19:38:16.163Z] >>> [apiv2][query] GET https://api.github.com/repos//actions/secrets/public-key type=owner
[debug] [2024-09-07T19:38:16.193Z] >>> [apiv2][query] GET https://api.github.com/repos//actions/secrets/public-key type=owner
[debug] [2024-09-07T19:38:16.194Z] <<< [apiv2][status] GET https://api.github.com/repos/Davidcrz14/firebase/actions/secrets/public-key 401
[debug] [2024-09-07T19:38:16.194Z] <<< [apiv2][body] GET https://api.github.com/repos/Davidcrz14/firebase/actions/secrets/public-key {"message":"Bad credentials","documentation_url":"https://docs.github.com/rest","status":"401"}
[debug] [2024-09-07T19:38:16.202Z] <<< [apiv2][status] GET https://api.github.com/repos//actions/secrets/public-key 401
[debug] [2024-09-07T19:38:16.202Z] <<< [apiv2][body] GET https://api.github.com/repos//actions/secrets/public-key {"message":"Bad credentials","documentation_url":"https://docs.github.com/rest","status":"401"}
[debug] [2024-09-07T19:38:16.203Z] <<< [apiv2][status] GET https://api.github.com/repos//actions/secrets/public-key 401
[debug] [2024-09-07T19:38:16.203Z] <<< [apiv2][body] GET https://api.github.com/repos//actions/secrets/public-key {"message":"Bad credentials","documentation_url":"https://docs.github.com/rest","status":"401"}
[debug] [2024-09-07T19:38:16.224Z] >>> [apiv2][query] GET https://api.github.com/repos/Davidcrz14/firebase/actions/secrets/public-key type=owner
[debug] [2024-09-07T19:38:16.229Z] <<< [apiv2][status] GET https://api.github.com/repos//actions/secrets/public-key 401
[debug] [2024-09-07T19:38:16.229Z] <<< [apiv2][body] GET https://api.github.com/repos//actions/secrets/public-key {"message":"Bad credentials","documentation_url":"https://docs.github.com/rest","status":"401"}
[debug] [2024-09-07T19:38:16.254Z] >>> [apiv2][query] GET https://api.github.com/repos//actions/secrets/public-key type=owner
[debug] [2024-09-07T19:38:16.267Z] <<< [apiv2][status] GET https://api.github.com/repos//actions/secrets/public-key 401
[debug] [2024-09-07T19:38:16.267Z] <<< [apiv2][body] GET https://api.github.com/repos//actions/secrets/public-key {"message":"Bad credentials","documentation_url":"https://docs.github.com/rest","status":"401"}
[debug] [2024-09-07T19:38:16.284Z] >>> [apiv2][query] GET https://api.github.com/repos//actions/secrets/public-key type=owner
[debug] [2024-09-07T19:38:16.301Z] <<< [apiv2][status] GET https://api.github.com/repos//actions/secrets/public-key 401
[debug] [2024-09-07T19:38:16.301Z] <<< [apiv2][body] GET https://api.github.com/repos//actions/secrets/public-key {"message":"Bad credentials","documentation_url":"https://docs.github.com/rest","status":"401"}
[debug] [2024-09-07T19:38:16.315Z] >>> [apiv2][query] GET https://api.github.com/repos//actions/secrets/public-key type=owner
[debug] [2024-09-07T19:38:16.326Z] <<< [apiv2][status] GET https://api.github.com/repos/Davidcrz14/firebase/actions/secrets/public-key 401
[debug] [2024-09-07T19:38:16.326Z] <<< [apiv2][body] GET https://api.github.com/repos/Davidcrz14/firebase/actions/secrets/public-key {"message":"Bad credentials","documentation_url":"https://docs.github.com/rest","status":"401"}
[debug] [2024-09-07T19:38:16.345Z] >>> [apiv2][query] GET https://api.github.com/repos/Davidcrz14/firebase/actions/secrets/public-key type=owner
[debug] [2024-09-07T19:38:16.351Z] <<< [apiv2][status] GET https://api.github.com/repos//actions/secrets/public-key 401
[debug] [2024-09-07T19:38:16.352Z] <<< [apiv2][body] GET https://api.github.com/repos//actions/secrets/public-key {"message":"Bad credentials","documentation_url":"https://docs.github.com/rest","status":"401"}
[debug] [2024-09-07T19:38:16.379Z] >>> [apiv2][query] GET https://api.github.com/repos//actions/secrets/public-key type=owner
[debug] [2024-09-07T19:38:16.382Z] <<< [apiv2][status] GET https://api.github.com/repos//actions/secrets/public-key 401
[debug] [2024-09-07T19:38:16.382Z] <<< [apiv2][body] GET https://api.github.com/repos//actions/secrets/public-key {"message":"Bad credentials","documentation_url":"https://docs.github.com/rest","status":"401"}
[debug] [2024-09-07T19:38:16.429Z] >>> [apiv2][query] GET https://api.github.com/repos//actions/secrets/public-key type=owner
[debug] [2024-09-07T19:38:16.430Z] <<< [apiv2][status] GET https://api.github.com/repos//actions/secrets/public-key 401
[debug] [2024-09-07T19:38:16.430Z] <<< [apiv2][body] GET https://api.github.com/repos//actions/secrets/public-key {"message":"Bad credentials","documentation_url":"https://docs.github.com/rest","status":"401"}
[debug] [2024-09-07T19:38:16.442Z] >>> [apiv2][query] GET https://api.github.com/repos//actions/secrets/public-key type=owner
[debug] [2024-09-07T19:38:16.450Z] <<< [apiv2][status] GET https://api.github.com/repos/Davidcrz14/firebase/actions/secrets/public-key 401
[debug] [2024-09-07T19:38:16.450Z] <<< [apiv2][body] GET https://api.github.com/repos/Davidcrz14/firebase/actions/secrets/public-key {"message":"Bad credentials","documentation_url":"https://docs.github.com/rest","status":"401"}
[debug] [2024-09-07T19:38:16.481Z] <<< [apiv2][status] GET https://api.github.com/repos//actions/secrets/public-key 401
[debug] [2024-09-07T19:38:16.481Z] <<< [apiv2][body] GET https://api.github.com/repos//actions/secrets/public-key {"message":"Bad credentials","documentation_url":"https://docs.github.com/rest","status":"401"}
[debug] [2024-09-07T19:38:16.531Z] <<< [apiv2][status] GET https://api.github.com/repos//actions/secrets/public-key 401
[debug] [2024-09-07T19:38:16.531Z] <<< [apiv2][body] GET https://api.github.com/repos//actions/secrets/public-key {"message":"Bad credentials","documentation_url":"https://docs.github.com/rest","status":"401"}
[debug] [2024-09-07T19:38:16.544Z] <<< [apiv2][status] GET https://api.github.com/repos//actions/secrets/public-key 401
[debug] [2024-09-07T19:38:16.544Z] <<< [apiv2][body] GET https://api.github.com/repos//actions/secrets/public-key {"message":"Bad credentials","documentation_url":"https://docs.github.com/rest","status":"401"}
[debug] [2024-09-07T19:38:33.551Z] ----------------------------------------------------------------------
[debug] [2024-09-07T19:38:33.553Z] Command:       C:\Program Files\nodejs\node.exe C:\Users\david\AppData\Roaming\npm\node_modules\firebase-tools\lib\bin\firebase.js init
[debug] [2024-09-07T19:38:33.554Z] CLI Version:   13.16.0
[debug] [2024-09-07T19:38:33.554Z] Platform:      win32
[debug] [2024-09-07T19:38:33.554Z] Node Version:  v20.10.0
[debug] [2024-09-07T19:38:33.554Z] Time:          Sat Sep 07 2024 13:38:33 GMT-0600 (hora estándar central)
[debug] [2024-09-07T19:38:33.554Z] ----------------------------------------------------------------------
[debug] 
[debug] [2024-09-07T19:38:33.560Z] > command requires scopes: ["email","openid","https://www.googleapis.com/auth/cloudplatformprojects.readonly","https://www.googleapis.com/auth/firebase","https://www.googleapis.com/auth/cloud-platform"]
[debug] [2024-09-07T19:38:33.561Z] > authorizing via signed-in user (davidcientifico14@gmail.com)
[info] 
     ######## #### ########  ######## ########     ###     ######  ########
     ##        ##  ##     ## ##       ##     ##  ##   ##  ##       ##
     ######    ##  ########  ######   ########  #########  ######  ######
     ##        ##  ##    ##  ##       ##     ## ##     ##       ## ##
     ##       #### ##     ## ######## ########  ##     ##  ######  ########

You're about to initialize a Firebase project in this directory:

  C:\Users\david\OneDrive\Documentos\ondrive\OneDrive\Escritorio\firebase

[info] 
=== Project Setup
[info] 
[info] First, let's associate this project directory with a Firebase project.
[info] You can create multiple project aliases by running firebase use --add, 
[info] but for now we'll just set up a default project.
[info] 
[debug] [2024-09-07T19:38:56.317Z] >>> [apiv2][query] GET https://firebase.googleapis.com/v1beta1/projects pageSize=100
[debug] [2024-09-07T19:38:56.855Z] <<< [apiv2][status] GET https://firebase.googleapis.com/v1beta1/projects 200
[debug] [2024-09-07T19:38:56.855Z] <<< [apiv2][body] GET https://firebase.googleapis.com/v1beta1/projects [omitted]
[info] i  Using project prueba-6cfd1 (prueba) 
[info] 
=== Database Setup
[info] i  database: ensuring required API firebasedatabase.googleapis.com is enabled... 
[debug] [2024-09-07T19:39:09.173Z] >>> [apiv2][query] GET https://serviceusage.googleapis.com/v1/projects/prueba-6cfd1/services/firebasedatabase.googleapis.com [none]
[debug] [2024-09-07T19:39:09.173Z] >>> [apiv2][(partial)header] GET https://serviceusage.googleapis.com/v1/projects/prueba-6cfd1/services/firebasedatabase.googleapis.com x-goog-quota-user=projects/prueba-6cfd1
[debug] [2024-09-07T19:39:09.771Z] <<< [apiv2][status] GET https://serviceusage.googleapis.com/v1/projects/prueba-6cfd1/services/firebasedatabase.googleapis.com 200
[debug] [2024-09-07T19:39:09.771Z] <<< [apiv2][body] GET https://serviceusage.googleapis.com/v1/projects/prueba-6cfd1/services/firebasedatabase.googleapis.com [omitted]
[info] +  database: required API firebasedatabase.googleapis.com is enabled 
[info] 
[debug] [2024-09-07T19:39:09.772Z] >>> [apiv2][query] GET https://firebasedatabase.googleapis.com/v1beta/projects/prueba-6cfd1/locations/-/instances/prueba-6cfd1-default-rtdb [none]
[debug] [2024-09-07T19:39:10.483Z] <<< [apiv2][status] GET https://firebasedatabase.googleapis.com/v1beta/projects/prueba-6cfd1/locations/-/instances/prueba-6cfd1-default-rtdb 200
[debug] [2024-09-07T19:39:10.483Z] <<< [apiv2][body] GET https://firebasedatabase.googleapis.com/v1beta/projects/prueba-6cfd1/locations/-/instances/prueba-6cfd1-default-rtdb {"name":"projects/69158231501/locations/us-central1/instances/prueba-6cfd1-default-rtdb","project":"projects/69158231501","databaseUrl":"https://prueba-6cfd1-default-rtdb.firebaseio.com","type":"DEFAULT_DATABASE","state":"ACTIVE"}
[info] 
[info] Firebase Realtime Database Security Rules allow you to define how your data should be
[info] structured and when your data can be read from and written to.
[info] 
[debug] [2024-09-07T19:39:15.031Z] >>> [apiv2][query] GET https://prueba-6cfd1-default-rtdb.firebaseio.com/.settings/rules.json [none]
[debug] [2024-09-07T19:39:15.402Z] <<< [apiv2][status] GET https://prueba-6cfd1-default-rtdb.firebaseio.com/.settings/rules.json 200
[debug] [2024-09-07T19:39:15.402Z] <<< [apiv2][body] GET https://prueba-6cfd1-default-rtdb.firebaseio.com/.settings/rules.json [stream]
[info] +  Database Rules for prueba-6cfd1-default-rtdb have been written to database.rules.json. 
[info] Future modifications to database.rules.json will update Realtime Database Security Rules when you run
[info] firebase deploy.
[info] 
=== Hosting Setup
[debug] [2024-09-07T19:39:15.406Z] >>> [apiv2][query] GET https://firebase.googleapis.com/v1beta1/projects/prueba-6cfd1 [none]
[debug] [2024-09-07T19:39:15.749Z] <<< [apiv2][status] GET https://firebase.googleapis.com/v1beta1/projects/prueba-6cfd1 200
[debug] [2024-09-07T19:39:15.749Z] <<< [apiv2][body] GET https://firebase.googleapis.com/v1beta1/projects/prueba-6cfd1 {"projectId":"prueba-6cfd1","projectNumber":"69158231501","displayName":"prueba","name":"projects/prueba-6cfd1","resources":{"hostingSite":"prueba-6cfd1","realtimeDatabaseInstance":"prueba-6cfd1-default-rtdb"},"state":"ACTIVE","etag":"1_8c7901d2-8861-4e73-a4d9-943e4c4f114b"}
[info] 
[info] Your public directory is the folder (relative to your project directory) that
[info] will contain Hosting assets to be uploaded with firebase deploy. If you
[info] have a build process for your assets, use your build's output directory.
[info] 
[debug] [2024-09-07T19:39:21.131Z] >>> [apiv2][query] GET https://www.gstatic.com/firebasejs/releases.json [none]
[debug] [2024-09-07T19:39:21.369Z] <<< [apiv2][status] GET https://www.gstatic.com/firebasejs/releases.json 200
[debug] [2024-09-07T19:39:21.369Z] <<< [apiv2][body] GET https://www.gstatic.com/firebasejs/releases.json {"current":{"version":"10.13.1","browserURL":"https://www.gstatic.com/firebasejs/10.13.1/firebase.js","packageURL":"https://www.gstatic.com/firebasejs/10.13.1/firebase.tgz"},"live":{"version":"10.13","browserURL":"https://www.gstatic.com/firebasejs/live/10.13/firebase.js","packageURL":"https://www.gstatic.com/firebasejs/live/10.13/firebase.tgz"},"components":{"analytics":"https://www.gstatic.com/firebasejs/10.13.1/firebase-analytics.js","app":"https://www.gstatic.com/firebasejs/10.13.1/firebase-app.js","app-check":"https://www.gstatic.com/firebasejs/10.13.1/firebase-app-check.js","auth":"https://www.gstatic.com/firebasejs/10.13.1/firebase-auth.js","auth/cordova":"https://www.gstatic.com/firebasejs/10.13.1/firebase-auth/cordova.js","auth/web-extension":"https://www.gstatic.com/firebasejs/10.13.1/firebase-auth/web-extension.js","functions":"https://www.gstatic.com/firebasejs/10.13.1/firebase-functions.js","firestore":"https://www.gstatic.com/firebasejs/10.13.1/firebase-firestore.js","firestore/lite":"https://www.gstatic.com/firebasejs/10.13.1/firebase-firestore/lite.js","installations":"https://www.gstatic.com/firebasejs/10.13.1/firebase-installations.js","storage":"https://www.gstatic.com/firebasejs/10.13.1/firebase-storage.js","performance":"https://www.gstatic.com/firebasejs/10.13.1/firebase-performance.js","remote-config":"https://www.gstatic.com/firebasejs/10.13.1/firebase-remote-config.js","messaging":"https://www.gstatic.com/firebasejs/10.13.1/firebase-messaging.js","messaging/sw":"https://www.gstatic.com/firebasejs/10.13.1/firebase-messaging/sw.js","database":"https://www.gstatic.com/firebasejs/10.13.1/firebase-database.js","vertexai-preview":"https://www.gstatic.com/firebasejs/10.13.1/firebase-vertexai-preview.js","firestore.memory":"https://www.gstatic.com/firebasejs/10.13.1/firebase-firestore.memory.js"}}
[info] +  Wrote public/index.html 
[info] 
[info] i  Didn't detect a .git folder. Assuming C:\Users\david\OneDrive\Documentos\ondrive\OneDrive\Escritorio\firebase is the project root. 
[info] i  Authorizing with GitHub to upload your service account to a GitHub repository's secrets store. 
[info] 
[info] Visit this URL on this device to log in:
[info] https://github.com/login/oauth/authorize?client_id=89cf50f02ac6aaed3484&state=1068014928&redirect_uri=http%3A%2F%2Flocalhost%3A9005&scope=read%3Auser%20repo%20public_repo
[info] 
[info] Waiting for authentication...
[debug] [2024-09-07T19:39:31.080Z] >>> [apiv2][query] POST https://github.com/login/oauth/access_token [none]
[debug] [2024-09-07T19:39:31.081Z] >>> [apiv2][body] POST https://github.com/login/oauth/access_token [stream]
[debug] [2024-09-07T19:39:31.424Z] <<< [apiv2][status] POST https://github.com/login/oauth/access_token 200
[debug] [2024-09-07T19:39:31.424Z] <<< [apiv2][body] POST https://github.com/login/oauth/access_token {"access_token":"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","token_type":"bearer","scope":"read:user,repo"}
[debug] [2024-09-07T19:39:31.427Z] >>> [apiv2][query] GET https://api.github.com/user [none]
[debug] [2024-09-07T19:39:31.788Z] <<< [apiv2][status] GET https://api.github.com/user 200
[debug] [2024-09-07T19:39:31.788Z] <<< [apiv2][body] GET https://api.github.com/user {"login":"Davidcrz14","id":70966976,"node_id":"MDQ6VXNlcjcwOTY2OTc2","avatar_url":"https://avatars.githubusercontent.com/u/70966976?v=4","gravatar_id":"","url":"https://api.github.com/users/Davidcrz14","html_url":"https://github.com/Davidcrz14","followers_url":"https://api.github.com/users/Davidcrz14/followers","following_url":"https://api.github.com/users/Davidcrz14/following{/other_user}","gists_url":"https://api.github.com/users/Davidcrz14/gists{/gist_id}","starred_url":"https://api.github.com/users/Davidcrz14/starred{/owner}{/repo}","subscriptions_url":"https://api.github.com/users/Davidcrz14/subscriptions","organizations_url":"https://api.github.com/users/Davidcrz14/orgs","repos_url":"https://api.github.com/users/Davidcrz14/repos","events_url":"https://api.github.com/users/Davidcrz14/events{/privacy}","received_events_url":"https://api.github.com/users/Davidcrz14/received_events","type":"User","site_admin":false,"name":"DavC","company":null,"blog":"https://davidcrz14.github.io/","location":null,"email":null,"hireable":null,"bio":"Programador de Programas programables","twitter_username":null,"notification_email":null,"public_repos":23,"public_gists":0,"followers":5,"following":0,"created_at":"2020-09-08T15:59:05Z","updated_at":"2024-08-27T17:00:26Z","private_gists":0,"total_private_repos":0,"owned_private_repos":0,"disk_usage":49879,"collaborators":0,"two_factor_authentication":false,"plan":{"name":"free","space":976562499,"collaborators":0,"private_repos":10000}}
[info] 
[info] +  Success! Logged into GitHub as Davidcrz14 
[info] 
[debug] [2024-09-07T19:39:53.378Z] >>> [apiv2][query] GET https://api.github.com/repos/Davidcrz14/prueba-6cfd1/actions/secrets/public-key type=owner
[debug] [2024-09-07T19:39:53.708Z] <<< [apiv2][status] GET https://api.github.com/repos/Davidcrz14/prueba-6cfd1/actions/secrets/public-key 404
[debug] [2024-09-07T19:39:53.708Z] <<< [apiv2][body] GET https://api.github.com/repos/Davidcrz14/prueba-6cfd1/actions/secrets/public-key {"message":"Not Found","documentation_url":"https://docs.github.com/rest/actions/secrets#get-a-repository-public-key","status":"404"}
[info] 
[info] 
[error] !  The provided authorization cannot be used with this repository. If this repository is in an organization, did you remember to grant access? 
[info] 
[info] i  Action required: Visit this URL to ensure access has been granted to the appropriate organization(s) for the Firebase CLI GitHub OAuth App: 
[info] https://github.com/settings/connections/applications/89cf50f02ac6aaed3484
[info] 
[debug] [2024-09-07T19:41:11.334Z] >>> [apiv2][query] GET https://api.github.com/repos/Davidcrz14/prueba-6cfd1/actions/secrets/public-key type=owner
[debug] [2024-09-07T19:41:11.657Z] <<< [apiv2][status] GET https://api.github.com/repos/Davidcrz14/prueba-6cfd1/actions/secrets/public-key 404
[debug] [2024-09-07T19:41:11.657Z] <<< [apiv2][body] GET https://api.github.com/repos/Davidcrz14/prueba-6cfd1/actions/secrets/public-key {"message":"Not Found","documentation_url":"https://docs.github.com/rest/actions/secrets#get-a-repository-public-key","status":"404"}
[info] 
[info] 
[error] !  The provided authorization cannot be used with this repository. If this repository is in an organization, did you remember to grant access? 
[info] 
[info] i  Action required: Visit this URL to ensure access has been granted to the appropriate organization(s) for the Firebase CLI GitHub OAuth App: 
[info] https://github.com/settings/connections/applications/89cf50f02ac6aaed3484
[info] 
[debug] [2024-09-07T19:43:01.704Z] ----------------------------------------------------------------------
[debug] [2024-09-07T19:43:01.708Z] Command:       C:\Program Files\nodejs\node.exe C:\Users\david\AppData\Roaming\npm\node_modules\firebase-tools\lib\bin\firebase.js init
[debug] [2024-09-07T19:43:01.708Z] CLI Version:   13.16.0
[debug] [2024-09-07T19:43:01.709Z] Platform:      win32
[debug] [2024-09-07T19:43:01.709Z] Node Version:  v20.10.0
[debug] [2024-09-07T19:43:01.709Z] Time:          Sat Sep 07 2024 13:43:01 GMT-0600 (hora estándar central)
[debug] [2024-09-07T19:43:01.709Z] ----------------------------------------------------------------------
[debug] 
[debug] [2024-09-07T19:43:01.715Z] > command requires scopes: ["email","openid","https://www.googleapis.com/auth/cloudplatformprojects.readonly","https://www.googleapis.com/auth/firebase","https://www.googleapis.com/auth/cloud-platform"]
[debug] [2024-09-07T19:43:01.716Z] > authorizing via signed-in user (davidcientifico14@gmail.com)
[info] 
     ######## #### ########  ######## ########     ###     ######  ########
     ##        ##  ##     ## ##       ##     ##  ##   ##  ##       ##
     ######    ##  ########  ######   ########  #########  ######  ######
     ##        ##  ##    ##  ##       ##     ## ##     ##       ## ##
     ##       #### ##     ## ######## ########  ##     ##  ######  ########

You're about to initialize a Firebase project in this directory:

  C:\Users\david\OneDrive\Documentos\ondrive\OneDrive\Escritorio\firebase

[info] 
=== Project Setup
[info] 
[info] First, let's associate this project directory with a Firebase project.
[info] You can create multiple project aliases by running firebase use --add, 
[info] but for now we'll just set up a default project.
[info] 
